Traceback (most recent call last):
  File "/home/hidde/anaconda3/lib/python3.7/site-packages/jupyter_cache/executors/utils.py", line 56, in single_nb_execution
    record_timing=False,
  File "/home/hidde/anaconda3/lib/python3.7/site-packages/nbclient/client.py", line 1077, in execute
    return NotebookClient(nb=nb, resources=resources, km=km, **kwargs).execute()
  File "/home/hidde/anaconda3/lib/python3.7/site-packages/nbclient/util.py", line 74, in wrapped
    return just_run(coro(*args, **kwargs))
  File "/home/hidde/anaconda3/lib/python3.7/site-packages/nbclient/util.py", line 53, in just_run
    return loop.run_until_complete(coro)
  File "/home/hidde/anaconda3/lib/python3.7/asyncio/base_events.py", line 587, in run_until_complete
    return future.result()
  File "/home/hidde/anaconda3/lib/python3.7/site-packages/nbclient/client.py", line 527, in async_execute
    cell, index, execution_count=self.code_cells_executed + 1
  File "/home/hidde/anaconda3/lib/python3.7/site-packages/nbclient/client.py", line 822, in async_execute_cell
    self._check_raise_for_error(cell, exec_reply)
  File "/home/hidde/anaconda3/lib/python3.7/site-packages/nbclient/client.py", line 730, in _check_raise_for_error
    raise CellExecutionError.from_cell_and_msg(cell, exec_reply['content'])
nbclient.exceptions.CellExecutionError: An error occurred while executing the following cell:
------------------
container = draw.Drawing(10, 3.5, origin="center")
orb = moire.Orbital()
#container.append(orb.lobe('blue'))
moire.d_z2(container)
moire.d_xy(container, translate=(3, 0))
moire.d_xy(container, translate=(-3, 0))
container.append(draw.Line(0, -2, 0, 2, stroke='black', stroke_width=stroke_width, stroke_dasharray="0.05,0.05"))
container.setRenderSize(1000)
glue('fig:d_z2-d_xy', container)
------------------

[0;31m------------------------------------------------------------------------[0m
[0;31mNameError[0m                              Traceback (most recent call last)
[0;32m<ipython-input-3-ffcc0a290505>[0m in [0;36m<module>[0;34m[0m
[1;32m      5[0m [0mmoire[0m[0;34m.[0m[0md_xy[0m[0;34m([0m[0mcontainer[0m[0;34m,[0m [0mtranslate[0m[0;34m=[0m[0;34m([0m[0;36m3[0m[0;34m,[0m [0;36m0[0m[0;34m)[0m[0;34m)[0m[0;34m[0m[0;34m[0m[0m
[1;32m      6[0m [0mmoire[0m[0;34m.[0m[0md_xy[0m[0;34m([0m[0mcontainer[0m[0;34m,[0m [0mtranslate[0m[0;34m=[0m[0;34m([0m[0;34m-[0m[0;36m3[0m[0;34m,[0m [0;36m0[0m[0;34m)[0m[0;34m)[0m[0;34m[0m[0;34m[0m[0m
[0;32m----> 7[0;31m [0mcontainer[0m[0;34m.[0m[0mappend[0m[0;34m([0m[0mdraw[0m[0;34m.[0m[0mLine[0m[0;34m([0m[0;36m0[0m[0;34m,[0m [0;34m-[0m[0;36m2[0m[0;34m,[0m [0;36m0[0m[0;34m,[0m [0;36m2[0m[0;34m,[0m [0mstroke[0m[0;34m=[0m[0;34m'black'[0m[0;34m,[0m [0mstroke_width[0m[0;34m=[0m[0mstroke_width[0m[0;34m,[0m [0mstroke_dasharray[0m[0;34m=[0m[0;34m"0.05,0.05"[0m[0;34m)[0m[0;34m)[0m[0;34m[0m[0;34m[0m[0m
[0m[1;32m      8[0m [0mcontainer[0m[0;34m.[0m[0msetRenderSize[0m[0;34m([0m[0;36m1000[0m[0;34m)[0m[0;34m[0m[0;34m[0m[0m
[1;32m      9[0m [0mglue[0m[0;34m([0m[0;34m'fig:d_z2-d_xy'[0m[0;34m,[0m [0mcontainer[0m[0;34m)[0m[0;34m[0m[0;34m[0m[0m

[0;31mNameError[0m: name 'stroke_width' is not defined
NameError: name 'stroke_width' is not defined

