Traceback (most recent call last):
  File "/home/hidde/anaconda3/lib/python3.7/site-packages/jupyter_cache/executors/utils.py", line 56, in single_nb_execution
    record_timing=False,
  File "/home/hidde/anaconda3/lib/python3.7/site-packages/nbclient/client.py", line 1112, in execute
    return NotebookClient(nb=nb, resources=resources, km=km, **kwargs).execute()
  File "/home/hidde/anaconda3/lib/python3.7/site-packages/nbclient/util.py", line 74, in wrapped
    return just_run(coro(*args, **kwargs))
  File "/home/hidde/anaconda3/lib/python3.7/site-packages/nbclient/util.py", line 53, in just_run
    return loop.run_until_complete(coro)
  File "/home/hidde/anaconda3/lib/python3.7/asyncio/base_events.py", line 587, in run_until_complete
    return future.result()
  File "/home/hidde/anaconda3/lib/python3.7/site-packages/nbclient/client.py", line 554, in async_execute
    cell, index, execution_count=self.code_cells_executed + 1
  File "/home/hidde/anaconda3/lib/python3.7/site-packages/nbclient/client.py", line 857, in async_execute_cell
    self._check_raise_for_error(cell, exec_reply)
  File "/home/hidde/anaconda3/lib/python3.7/site-packages/nbclient/client.py", line 760, in _check_raise_for_error
    raise CellExecutionError.from_cell_and_msg(cell, exec_reply_content)
nbclient.exceptions.CellExecutionError: An error occurred while executing the following cell:
------------------
from moire.lattice import Lattice
from moire.plot import Orbital, BandStructure, arrow
import ipywidgets as widgets
import numpy as np
from myst_nb import glue
import drawSvg as draw
------------------

[0;31m---------------------------------------------------------------------------[0m
[0;31mImportError[0m                               Traceback (most recent call last)
[0;32m<ipython-input-1-22a6284e66df>[0m in [0;36m<module>[0;34m[0m
[1;32m      1[0m [0;32mfrom[0m [0mmoire[0m[0;34m.[0m[0mlattice[0m [0;32mimport[0m [0mLattice[0m[0;34m[0m[0;34m[0m[0m
[0;32m----> 2[0;31m [0;32mfrom[0m [0mmoire[0m[0;34m.[0m[0mplot[0m [0;32mimport[0m [0mOrbital[0m[0;34m,[0m [0mBandStructure[0m[0;34m,[0m [0marrow[0m[0;34m[0m[0;34m[0m[0m
[0m[1;32m      3[0m [0;32mimport[0m [0mipywidgets[0m [0;32mas[0m [0mwidgets[0m[0;34m[0m[0;34m[0m[0m
[1;32m      4[0m [0;32mimport[0m [0mnumpy[0m [0;32mas[0m [0mnp[0m[0;34m[0m[0;34m[0m[0m
[1;32m      5[0m [0;32mfrom[0m [0mmyst_nb[0m [0;32mimport[0m [0mglue[0m[0;34m[0m[0;34m[0m[0m

[0;31mImportError[0m: cannot import name 'Orbital' from 'moire.plot' (/home/hidde/hidde/Unige/Hidde-Dijkstra.github.io/code/moire/plot.py)
ImportError: cannot import name 'Orbital' from 'moire.plot' (/home/hidde/hidde/Unige/Hidde-Dijkstra.github.io/code/moire/plot.py)

